[2026-03-19 15:15:57.694] [2520] [HailoRT] [info] [device.cpp:49] [Device] OS Version: Linux 6.12.62+rpt-rpi-2712 #1 SMP PREEMPT Debian 1:6.12.62-1+rpt1~bookworm (2026-01-19) aarch64
[2026-03-19 15:15:57.696] [2520] [HailoRT] [info] [control.cpp:108] [control__parse_identify_results] firmware_version is: 4.20.0
[2026-03-19 15:15:57.697] [2520] [HailoRT] [info] [control.cpp:108] [control__parse_identify_results] firmware_version is: 4.20.0
[2026-03-19 15:54:06.942] [3947] [HailoRT] [info] [vdevice.cpp:523] [create] Creating vdevice with params: device_count: 1, scheduling_algorithm: ROUND_ROBIN, multi_process_service: false
[2026-03-19 15:54:06.957] [3947] [HailoRT] [info] [device.cpp:49] [Device] OS Version: Linux 6.12.62+rpt-rpi-2712 #1 SMP PREEMPT Debian 1:6.12.62-1+rpt1~bookworm (2026-01-19) aarch64
[2026-03-19 15:54:06.970] [3947] [HailoRT] [info] [control.cpp:108] [control__parse_identify_results] firmware_version is: 4.20.0
[2026-03-19 15:54:06.970] [3947] [HailoRT] [info] [vdevice.cpp:651] [create] VDevice Infos: 0001:03:00.0
[2026-03-19 15:54:07.859] [3947] [HailoRT] [info] [hef.cpp:1929] [get_network_group_and_network_name] No name was given. Addressing all networks of default network_group: base-whisper-encoder-5s
[2026-03-19 15:54:07.859] [3947] [HailoRT] [info] [hef.cpp:1929] [get_network_group_and_network_name] No name was given. Addressing all networks of default network_group: base-whisper-encoder-5s
[2026-03-19 15:54:08.239] [3947] [HailoRT] [info] [hef.cpp:1929] [get_network_group_and_network_name] No name was given. Addressing all networks of default network_group: base-whisper-decoder-fixed-sequence
[2026-03-19 15:54:08.239] [3947] [HailoRT] [info] [hef.cpp:1929] [get_network_group_and_network_name] No name was given. Addressing all networks of default network_group: base-whisper-decoder-fixed-sequence
[2026-03-19 15:54:08.251] [3947] [HailoRT] [info] [internal_buffer_manager.cpp:204] [print_execution_results] Planned internal buffer memory: CMA memory 0, user memory 1576448. memory to edge layer usage factor is 0.34360003
[2026-03-19 15:54:08.251] [3947] [HailoRT] [info] [internal_buffer_manager.cpp:212] [print_execution_results] Default Internal buffer planner executed successfully
[2026-03-19 15:54:08.402] [3947] [HailoRT] [info] [device_internal.cpp:57] [configure] Configuring HEF took 157.613112 milliseconds
[2026-03-19 15:54:08.405] [3947] [HailoRT] [info] [vdevice.cpp:749] [configure] Configuring HEF on VDevice took 164.654554 milliseconds
[2026-03-19 15:54:08.405] [3947] [HailoRT] [info] [infer_model.cpp:436] [configure] Configuring network group 'base-whisper-encoder-5s' with params: batch size: 0, power mode: PERFORMANCE, latency: NONE
[2026-03-19 15:54:08.410] [3947] [HailoRT] [info] [multi_io_elements.cpp:756] [create] Created (AsyncHwEl)
[2026-03-19 15:54:08.410] [3947] [HailoRT] [info] [queue_elements.cpp:450] [create] Created (EntryPushQEl0base-whisper-encoder-5s/input_layer1 | timeout: 10s)
[2026-03-19 15:54:08.410] [3947] [HailoRT] [info] [filter_elements.cpp:101] [create] Created (PreInferEl1base-whisper-encoder-5s/input_layer1 | Quantization - src_type: FLOAT32, dst_type UINT8, limvals_min: -1.51241, limvals_max: 1.52432)
[2026-03-19 15:54:08.410] [3947] [HailoRT] [info] [queue_elements.cpp:450] [create] Created (PushQEl1base-whisper-encoder-5s/input_layer1 | timeout: 10s)
[2026-03-19 15:54:08.410] [3947] [HailoRT] [info] [queue_elements.cpp:450] [create] Created (PushQEl0AsyncHwEl | timeout: 10s)
[2026-03-19 15:54:08.410] [3947] [HailoRT] [info] [filter_elements.cpp:375] [create] Created (PostInferEl0AsyncHwEl | Quantization - src_type: UINT8, dst_type FLOAT32, limvals_min: -23.9557, limvals_max: 14.4638)
[2026-03-19 15:54:08.410] [3947] [HailoRT] [info] [edge_elements.cpp:187] [create] Created (LastAsyncEl0PostInferEl0AsyncHwEl)
[2026-03-19 15:54:08.410] [3947] [HailoRT] [info] [pipeline.cpp:891] [print_deep_description] EntryPushQEl0base-whisper-encoder-5s/input_layer1 | inputs: user | outputs: PreInferEl1base-whisper-encoder-5s/input_layer1(running in thread_id: 3965)
[2026-03-19 15:54:08.410] [3947] [HailoRT] [info] [pipeline.cpp:891] [print_deep_description] PreInferEl1base-whisper-encoder-5s/input_layer1 | inputs: EntryPushQEl0base-whisper-encoder-5s/input_layer1[0] | outputs: PushQEl1base-whisper-encoder-5s/input_layer1
[2026-03-19 15:54:08.410] [3947] [HailoRT] [info] [pipeline.cpp:891] [print_deep_description] PushQEl1base-whisper-encoder-5s/input_layer1 | inputs: PreInferEl1base-whisper-encoder-5s/input_layer1[0] | outputs: AsyncHwEl(running in thread_id: 3966)
[2026-03-19 15:54:08.420] [3947] [HailoRT] [info] [pipeline.cpp:891] [print_deep_description] AsyncHwEl | inputs: PushQEl1base-whisper-encoder-5s/input_layer1[0] | outputs: PushQEl0AsyncHwEl
[2026-03-19 15:54:08.420] [3947] [HailoRT] [info] [pipeline.cpp:891] [print_deep_description] PushQEl0AsyncHwEl | inputs: AsyncHwEl[0] | outputs: PostInferEl0AsyncHwEl(running in thread_id: 3967)
[2026-03-19 15:54:08.420] [3947] [HailoRT] [info] [pipeline.cpp:891] [print_deep_description] PostInferEl0AsyncHwEl | inputs: PushQEl0AsyncHwEl[0] | outputs: LastAsyncEl0PostInferEl0AsyncHwEl
[2026-03-19 15:54:08.420] [3947] [HailoRT] [info] [pipeline.cpp:891] [print_deep_description] LastAsyncEl0PostInferEl0AsyncHwEl | inputs: PostInferEl0AsyncHwEl[0] | outputs: user
[2026-03-19 15:54:08.425] [3947] [HailoRT] [info] [buffer_requirements.cpp:195] [find_initial_desc_page_size] Using non-default initial_desc_page_size of 64, due to a small transfer size (48)
[2026-03-19 15:54:08.426] [3947] [HailoRT] [info] [internal_buffer_manager.cpp:204] [print_execution_results] Planned internal buffer memory: CMA memory 0, user memory 1974272. memory to edge layer usage factor is 0.46450835
[2026-03-19 15:54:08.426] [3947] [HailoRT] [info] [internal_buffer_manager.cpp:212] [print_execution_results] Default Internal buffer planner executed successfully
[2026-03-19 15:54:08.473] [3947] [HailoRT] [info] [buffer_requirements.cpp:195] [find_initial_desc_page_size] Using non-default initial_desc_page_size of 64, due to a small transfer size (48)
[2026-03-19 15:54:08.610] [3947] [HailoRT] [info] [device_internal.cpp:57] [configure] Configuring HEF took 186.074833 milliseconds
[2026-03-19 15:54:08.610] [3947] [HailoRT] [info] [vdevice.cpp:749] [configure] Configuring HEF on VDevice took 186.433488 milliseconds
[2026-03-19 15:54:08.610] [3947] [HailoRT] [info] [infer_model.cpp:436] [configure] Configuring network group 'base-whisper-decoder-fixed-sequence' with params: batch size: 0, power mode: PERFORMANCE, latency: NONE
[2026-03-19 15:54:08.610] [3947] [HailoRT] [info] [multi_io_elements.cpp:756] [create] Created (AsyncHwEl)
[2026-03-19 15:54:08.610] [3947] [HailoRT] [info] [queue_elements.cpp:450] [create] Created (EntryPushQEl0base-whisper-decoder-fixed-sequence/input_layer2 | timeout: 10s)
[2026-03-19 15:54:08.610] [3947] [HailoRT] [info] [filter_elements.cpp:101] [create] Created (PreInferEl6base-whisper-decoder-fixed-sequence/input_layer2 | Quantization - src_type: FLOAT32, dst_type UINT8, limvals_min: -0.535231, limvals_max: 0.556641)
[2026-03-19 15:54:08.610] [3947] [HailoRT] [info] [queue_elements.cpp:450] [create] Created (PushQEl6base-whisper-decoder-fixed-sequence/input_layer2 | timeout: 10s)
[2026-03-19 15:54:08.610] [3947] [HailoRT] [info] [queue_elements.cpp:450] [create] Created (EntryPushQEl0base-whisper-decoder-fixed-sequence/input_layer1 | timeout: 10s)
[2026-03-19 15:54:08.610] [3947] [HailoRT] [info] [filter_elements.cpp:101] [create] Created (PreInferEl12base-whisper-decoder-fixed-sequence/input_layer1 | Quantization - src_type: FLOAT32, dst_type UINT8, limvals_min: -23.5596, limvals_max: 14.4638)
[2026-03-19 15:54:08.611] [3947] [HailoRT] [info] [queue_elements.cpp:450] [create] Created (PushQEl12base-whisper-decoder-fixed-sequence/input_layer1 | timeout: 10s)
[2026-03-19 15:54:08.611] [3947] [HailoRT] [info] [queue_elements.cpp:450] [create] Created (PushQEl0AsyncHwEl | timeout: 10s)
[2026-03-19 15:54:08.611] [3947] [HailoRT] [info] [filter_elements.cpp:375] [create] Created (PostInferEl0AsyncHwEl | Quantization - src_type: UINT8, dst_type FLOAT32, limvals_min: -23.8414, limvals_max: 72.6594)
[2026-03-19 15:54:08.611] [3947] [HailoRT] [info] [edge_elements.cpp:187] [create] Created (LastAsyncEl0PostInferEl0AsyncHwEl)
[2026-03-19 15:54:08.611] [3947] [HailoRT] [info] [queue_elements.cpp:450] [create] Created (PushQEl2AsyncHwEl | timeout: 10s)
[2026-03-19 15:54:08.611] [3947] [HailoRT] [info] [filter_elements.cpp:375] [create] Created (PostInferEl2AsyncHwEl | Quantization - src_type: UINT8, dst_type FLOAT32, limvals_min: -23.4195, limvals_max: 61.8944)
[2026-03-19 15:54:08.611] [3947] [HailoRT] [info] [edge_elements.cpp:187] [create] Created (LastAsyncEl0PostInferEl2AsyncHwEl)
[2026-03-19 15:54:08.611] [3947] [HailoRT] [info] [queue_elements.cpp:450] [create] Created (PushQEl1AsyncHwEl | timeout: 10s)
[2026-03-19 15:54:08.611] [3947] [HailoRT] [info] [filter_elements.cpp:375] [create] Created (PostInferEl1AsyncHwEl | Quantization - src_type: UINT8, dst_type FLOAT32, limvals_min: -23.5004, limvals_max: 59.7302)
[2026-03-19 15:54:08.611] [3947] [HailoRT] [info] [edge_elements.cpp:187] [create] Created (LastAsyncEl0PostInferEl1AsyncHwEl)
[2026-03-19 15:54:08.611] [3947] [HailoRT] [info] [queue_elements.cpp:450] [create] Created (PushQEl3AsyncHwEl | timeout: 10s)
[2026-03-19 15:54:08.611] [3947] [HailoRT] [info] [filter_elements.cpp:375] [create] Created (PostInferEl3AsyncHwEl | Quantization - src_type: UINT8, dst_type FLOAT32, limvals_min: -24.3587, limvals_max: 63.1267)
[2026-03-19 15:54:08.611] [3947] [HailoRT] [info] [edge_elements.cpp:187] [create] Created (LastAsyncEl0PostInferEl3AsyncHwEl)
[2026-03-19 15:54:08.611] [3947] [HailoRT] [info] [pipeline.cpp:891] [print_deep_description] EntryPushQEl0base-whisper-decoder-fixed-sequence/input_layer1 | inputs: user | outputs: PreInferEl12base-whisper-decoder-fixed-sequence/input_layer1(running in thread_id: 3972)
[2026-03-19 15:54:08.612] [3947] [HailoRT] [info] [pipeline.cpp:891] [print_deep_description] PreInferEl12base-whisper-decoder-fixed-sequence/input_layer1 | inputs: EntryPushQEl0base-whisper-decoder-fixed-sequence/input_layer1[0] | outputs: PushQEl12base-whisper-decoder-fixed-sequence/input_layer1
[2026-03-19 15:54:08.612] [3947] [HailoRT] [info] [pipeline.cpp:891] [print_deep_description] PushQEl12base-whisper-decoder-fixed-sequence/input_layer1 | inputs: PreInferEl12base-whisper-decoder-fixed-sequence/input_layer1[0] | outputs: AsyncHwEl(running in thread_id: 3973)
[2026-03-19 15:54:08.612] [3947] [HailoRT] [info] [pipeline.cpp:891] [print_deep_description] AsyncHwEl | inputs: PushQEl12base-whisper-decoder-fixed-sequence/input_layer1[0] PushQEl6base-whisper-decoder-fixed-sequence/input_layer2[1] | outputs: PushQEl0AsyncHwEl PushQEl1AsyncHwEl PushQEl2AsyncHwEl PushQEl3AsyncHwEl
[2026-03-19 15:54:08.612] [3947] [HailoRT] [info] [pipeline.cpp:891] [print_deep_description] PushQEl0AsyncHwEl | inputs: AsyncHwEl[0] | outputs: PostInferEl0AsyncHwEl(running in thread_id: 3974)
[2026-03-19 15:54:08.612] [3947] [HailoRT] [info] [pipeline.cpp:891] [print_deep_description] PostInferEl0AsyncHwEl | inputs: PushQEl0AsyncHwEl[0] | outputs: LastAsyncEl0PostInferEl0AsyncHwEl
[2026-03-19 15:54:08.612] [3947] [HailoRT] [info] [pipeline.cpp:891] [print_deep_description] LastAsyncEl0PostInferEl0AsyncHwEl | inputs: PostInferEl0AsyncHwEl[0] | outputs: user
[2026-03-19 15:54:08.612] [3947] [HailoRT] [info] [pipeline.cpp:891] [print_deep_description] PushQEl1AsyncHwEl | inputs: AsyncHwEl[0] | outputs: PostInferEl1AsyncHwEl(running in thread_id: 3976)
[2026-03-19 15:54:08.612] [3947] [HailoRT] [info] [pipeline.cpp:891] [print_deep_description] PostInferEl1AsyncHwEl | inputs: PushQEl1AsyncHwEl[0] | outputs: LastAsyncEl0PostInferEl1AsyncHwEl
[2026-03-19 15:54:08.612] [3947] [HailoRT] [info] [pipeline.cpp:891] [print_deep_description] LastAsyncEl0PostInferEl1AsyncHwEl | inputs: PostInferEl1AsyncHwEl[0] | outputs: user
[2026-03-19 15:54:08.612] [3947] [HailoRT] [info] [pipeline.cpp:891] [print_deep_description] PushQEl2AsyncHwEl | inputs: AsyncHwEl[0] | outputs: PostInferEl2AsyncHwEl(running in thread_id: 3975)
[2026-03-19 15:54:08.612] [3947] [HailoRT] [info] [pipeline.cpp:891] [print_deep_description] PostInferEl2AsyncHwEl | inputs: PushQEl2AsyncHwEl[0] | outputs: LastAsyncEl0PostInferEl2AsyncHwEl
[2026-03-19 15:54:08.612] [3947] [HailoRT] [info] [pipeline.cpp:891] [print_deep_description] LastAsyncEl0PostInferEl2AsyncHwEl | inputs: PostInferEl2AsyncHwEl[0] | outputs: user
[2026-03-19 15:54:08.612] [3947] [HailoRT] [info] [pipeline.cpp:891] [print_deep_description] PushQEl3AsyncHwEl | inputs: AsyncHwEl[0] | outputs: PostInferEl3AsyncHwEl(running in thread_id: 3977)
[2026-03-19 15:54:08.612] [3947] [HailoRT] [info] [pipeline.cpp:891] [print_deep_description] PostInferEl3AsyncHwEl | inputs: PushQEl3AsyncHwEl[0] | outputs: LastAsyncEl0PostInferEl3AsyncHwEl
[2026-03-19 15:54:08.612] [3947] [HailoRT] [info] [pipeline.cpp:891] [print_deep_description] LastAsyncEl0PostInferEl3AsyncHwEl | inputs: PostInferEl3AsyncHwEl[0] | outputs: user
[2026-03-19 15:54:08.612] [3947] [HailoRT] [info] [pipeline.cpp:891] [print_deep_description] EntryPushQEl0base-whisper-decoder-fixed-sequence/input_layer2 | inputs: user | outputs: PreInferEl6base-whisper-decoder-fixed-sequence/input_layer2(running in thread_id: 3970)
[2026-03-19 15:54:08.612] [3947] [HailoRT] [info] [pipeline.cpp:891] [print_deep_description] PreInferEl6base-whisper-decoder-fixed-sequence/input_layer2 | inputs: EntryPushQEl0base-whisper-decoder-fixed-sequence/input_layer2[0] | outputs: PushQEl6base-whisper-decoder-fixed-sequence/input_layer2
[2026-03-19 15:54:08.612] [3947] [HailoRT] [info] [pipeline.cpp:891] [print_deep_description] PushQEl6base-whisper-decoder-fixed-sequence/input_layer2 | inputs: PreInferEl6base-whisper-decoder-fixed-sequence/input_layer2[0] | outputs: AsyncHwEl(running in thread_id: 3971)
[2026-03-19 16:03:34.948] [4352] [HailoRT] [info] [vdevice.cpp:523] [create] Creating vdevice with params: device_count: 1, scheduling_algorithm: ROUND_ROBIN, multi_process_service: false
[2026-03-19 16:03:34.979] [4352] [HailoRT] [info] [device.cpp:49] [Device] OS Version: Linux 6.12.62+rpt-rpi-2712 #1 SMP PREEMPT Debian 1:6.12.62-1+rpt1~bookworm (2026-01-19) aarch64
[2026-03-19 16:03:35.014] [4352] [HailoRT] [info] [control.cpp:108] [control__parse_identify_results] firmware_version is: 4.20.0
[2026-03-19 16:03:35.014] [4352] [HailoRT] [info] [vdevice.cpp:651] [create] VDevice Infos: 0001:03:00.0
[2026-03-19 16:03:37.576] [4352] [HailoRT] [info] [hef.cpp:1929] [get_network_group_and_network_name] No name was given. Addressing all networks of default network_group: base-whisper-encoder-5s
[2026-03-19 16:03:37.577] [4352] [HailoRT] [info] [hef.cpp:1929] [get_network_group_and_network_name] No name was given. Addressing all networks of default network_group: base-whisper-encoder-5s
[2026-03-19 16:03:39.291] [4352] [HailoRT] [info] [hef.cpp:1929] [get_network_group_and_network_name] No name was given. Addressing all networks of default network_group: base-whisper-decoder-fixed-sequence
[2026-03-19 16:03:39.293] [4352] [HailoRT] [info] [hef.cpp:1929] [get_network_group_and_network_name] No name was given. Addressing all networks of default network_group: base-whisper-decoder-fixed-sequence
[2026-03-19 16:03:39.990] [4352] [HailoRT] [info] [internal_buffer_manager.cpp:204] [print_execution_results] Planned internal buffer memory: CMA memory 0, user memory 1576448. memory to edge layer usage factor is 0.34360003
[2026-03-19 16:03:39.996] [4352] [HailoRT] [info] [internal_buffer_manager.cpp:212] [print_execution_results] Default Internal buffer planner executed successfully
[2026-03-19 16:03:41.201] [4352] [HailoRT] [info] [device_internal.cpp:57] [configure] Configuring HEF took 1227.814415 milliseconds
[2026-03-19 16:03:41.216] [4352] [HailoRT] [info] [vdevice.cpp:749] [configure] Configuring HEF on VDevice took 1267.553974 milliseconds
[2026-03-19 16:03:41.216] [4352] [HailoRT] [info] [infer_model.cpp:436] [configure] Configuring network group 'base-whisper-encoder-5s' with params: batch size: 0, power mode: PERFORMANCE, latency: NONE
[2026-03-19 16:03:41.218] [4352] [HailoRT] [info] [multi_io_elements.cpp:756] [create] Created (AsyncHwEl)
[2026-03-19 16:03:41.219] [4352] [HailoRT] [info] [queue_elements.cpp:450] [create] Created (EntryPushQEl0base-whisper-encoder-5s/input_layer1 | timeout: 10s)
[2026-03-19 16:03:41.219] [4352] [HailoRT] [info] [filter_elements.cpp:101] [create] Created (PreInferEl1base-whisper-encoder-5s/input_layer1 | Quantization - src_type: FLOAT32, dst_type UINT8, limvals_min: -1.51241, limvals_max: 1.52432)
[2026-03-19 16:03:41.219] [4352] [HailoRT] [info] [queue_elements.cpp:450] [create] Created (PushQEl1base-whisper-encoder-5s/input_layer1 | timeout: 10s)
[2026-03-19 16:03:41.219] [4352] [HailoRT] [info] [queue_elements.cpp:450] [create] Created (PushQEl0AsyncHwEl | timeout: 10s)
[2026-03-19 16:03:41.219] [4352] [HailoRT] [info] [filter_elements.cpp:375] [create] Created (PostInferEl0AsyncHwEl | Quantization - src_type: UINT8, dst_type FLOAT32, limvals_min: -23.9557, limvals_max: 14.4638)
[2026-03-19 16:03:41.219] [4352] [HailoRT] [info] [edge_elements.cpp:187] [create] Created (LastAsyncEl0PostInferEl0AsyncHwEl)
[2026-03-19 16:03:41.219] [4352] [HailoRT] [info] [pipeline.cpp:891] [print_deep_description] EntryPushQEl0base-whisper-encoder-5s/input_layer1 | inputs: user | outputs: PreInferEl1base-whisper-encoder-5s/input_layer1(running in thread_id: 4375)
[2026-03-19 16:03:41.219] [4352] [HailoRT] [info] [pipeline.cpp:891] [print_deep_description] PreInferEl1base-whisper-encoder-5s/input_layer1 | inputs: EntryPushQEl0base-whisper-encoder-5s/input_layer1[0] | outputs: PushQEl1base-whisper-encoder-5s/input_layer1
[2026-03-19 16:03:41.219] [4352] [HailoRT] [info] [pipeline.cpp:891] [print_deep_description] PushQEl1base-whisper-encoder-5s/input_layer1 | inputs: PreInferEl1base-whisper-encoder-5s/input_layer1[0] | outputs: AsyncHwEl(running in thread_id: 4376)
[2026-03-19 16:03:41.219] [4352] [HailoRT] [info] [pipeline.cpp:891] [print_deep_description] AsyncHwEl | inputs: PushQEl1base-whisper-encoder-5s/input_layer1[0] | outputs: PushQEl0AsyncHwEl
[2026-03-19 16:03:41.219] [4352] [HailoRT] [info] [pipeline.cpp:891] [print_deep_description] PushQEl0AsyncHwEl | inputs: AsyncHwEl[0] | outputs: PostInferEl0AsyncHwEl(running in thread_id: 4377)
[2026-03-19 16:03:41.219] [4352] [HailoRT] [info] [pipeline.cpp:891] [print_deep_description] PostInferEl0AsyncHwEl | inputs: PushQEl0AsyncHwEl[0] | outputs: LastAsyncEl0PostInferEl0AsyncHwEl
[2026-03-19 16:03:41.220] [4352] [HailoRT] [info] [pipeline.cpp:891] [print_deep_description] LastAsyncEl0PostInferEl0AsyncHwEl | inputs: PostInferEl0AsyncHwEl[0] | outputs: user
[2026-03-19 16:03:41.253] [4352] [HailoRT] [info] [buffer_requirements.cpp:195] [find_initial_desc_page_size] Using non-default initial_desc_page_size of 64, due to a small transfer size (48)
[2026-03-19 16:03:41.253] [4352] [HailoRT] [info] [internal_buffer_manager.cpp:204] [print_execution_results] Planned internal buffer memory: CMA memory 0, user memory 1974272. memory to edge layer usage factor is 0.46450835
[2026-03-19 16:03:41.253] [4352] [HailoRT] [info] [internal_buffer_manager.cpp:212] [print_execution_results] Default Internal buffer planner executed successfully
[2026-03-19 16:03:41.392] [4352] [HailoRT] [info] [buffer_requirements.cpp:195] [find_initial_desc_page_size] Using non-default initial_desc_page_size of 64, due to a small transfer size (48)
[2026-03-19 16:03:41.627] [4352] [HailoRT] [info] [device_internal.cpp:57] [configure] Configuring HEF took 376.73255 milliseconds
[2026-03-19 16:03:41.631] [4352] [HailoRT] [info] [vdevice.cpp:749] [configure] Configuring HEF on VDevice took 380.778091 milliseconds
[2026-03-19 16:03:41.631] [4352] [HailoRT] [info] [infer_model.cpp:436] [configure] Configuring network group 'base-whisper-decoder-fixed-sequence' with params: batch size: 0, power mode: PERFORMANCE, latency: NONE
[2026-03-19 16:03:41.631] [4352] [HailoRT] [info] [multi_io_elements.cpp:756] [create] Created (AsyncHwEl)
[2026-03-19 16:03:41.635] [4352] [HailoRT] [info] [queue_elements.cpp:450] [create] Created (EntryPushQEl0base-whisper-decoder-fixed-sequence/input_layer2 | timeout: 10s)
[2026-03-19 16:03:41.638] [4352] [HailoRT] [info] [filter_elements.cpp:101] [create] Created (PreInferEl6base-whisper-decoder-fixed-sequence/input_layer2 | Quantization - src_type: FLOAT32, dst_type UINT8, limvals_min: -0.535231, limvals_max: 0.556641)
[2026-03-19 16:03:41.638] [4352] [HailoRT] [info] [queue_elements.cpp:450] [create] Created (PushQEl6base-whisper-decoder-fixed-sequence/input_layer2 | timeout: 10s)
[2026-03-19 16:03:41.638] [4352] [HailoRT] [info] [queue_elements.cpp:450] [create] Created (EntryPushQEl0base-whisper-decoder-fixed-sequence/input_layer1 | timeout: 10s)
[2026-03-19 16:03:41.638] [4352] [HailoRT] [info] [filter_elements.cpp:101] [create] Created (PreInferEl12base-whisper-decoder-fixed-sequence/input_layer1 | Quantization - src_type: FLOAT32, dst_type UINT8, limvals_min: -23.5596, limvals_max: 14.4638)
[2026-03-19 16:03:41.638] [4352] [HailoRT] [info] [queue_elements.cpp:450] [create] Created (PushQEl12base-whisper-decoder-fixed-sequence/input_layer1 | timeout: 10s)
[2026-03-19 16:03:41.638] [4352] [HailoRT] [info] [queue_elements.cpp:450] [create] Created (PushQEl0AsyncHwEl | timeout: 10s)
[2026-03-19 16:03:41.638] [4352] [HailoRT] [info] [filter_elements.cpp:375] [create] Created (PostInferEl0AsyncHwEl | Quantization - src_type: UINT8, dst_type FLOAT32, limvals_min: -23.8414, limvals_max: 72.6594)
[2026-03-19 16:03:41.638] [4352] [HailoRT] [info] [edge_elements.cpp:187] [create] Created (LastAsyncEl0PostInferEl0AsyncHwEl)
[2026-03-19 16:03:41.639] [4352] [HailoRT] [info] [queue_elements.cpp:450] [create] Created (PushQEl2AsyncHwEl | timeout: 10s)
[2026-03-19 16:03:41.639] [4352] [HailoRT] [info] [filter_elements.cpp:375] [create] Created (PostInferEl2AsyncHwEl | Quantization - src_type: UINT8, dst_type FLOAT32, limvals_min: -23.4195, limvals_max: 61.8944)
[2026-03-19 16:03:41.639] [4352] [HailoRT] [info] [edge_elements.cpp:187] [create] Created (LastAsyncEl0PostInferEl2AsyncHwEl)
[2026-03-19 16:03:41.639] [4352] [HailoRT] [info] [queue_elements.cpp:450] [create] Created (PushQEl1AsyncHwEl | timeout: 10s)
[2026-03-19 16:03:41.639] [4352] [HailoRT] [info] [filter_elements.cpp:375] [create] Created (PostInferEl1AsyncHwEl | Quantization - src_type: UINT8, dst_type FLOAT32, limvals_min: -23.5004, limvals_max: 59.7302)
[2026-03-19 16:03:41.639] [4352] [HailoRT] [info] [edge_elements.cpp:187] [create] Created (LastAsyncEl0PostInferEl1AsyncHwEl)
[2026-03-19 16:03:41.639] [4352] [HailoRT] [info] [queue_elements.cpp:450] [create] Created (PushQEl3AsyncHwEl | timeout: 10s)
[2026-03-19 16:03:41.639] [4352] [HailoRT] [info] [filter_elements.cpp:375] [create] Created (PostInferEl3AsyncHwEl | Quantization - src_type: UINT8, dst_type FLOAT32, limvals_min: -24.3587, limvals_max: 63.1267)
[2026-03-19 16:03:41.639] [4352] [HailoRT] [info] [edge_elements.cpp:187] [create] Created (LastAsyncEl0PostInferEl3AsyncHwEl)
[2026-03-19 16:03:41.639] [4352] [HailoRT] [info] [pipeline.cpp:891] [print_deep_description] EntryPushQEl0base-whisper-decoder-fixed-sequence/input_layer1 | inputs: user | outputs: PreInferEl12base-whisper-decoder-fixed-sequence/input_layer1(running in thread_id: 4381)
[2026-03-19 16:03:41.639] [4352] [HailoRT] [info] [pipeline.cpp:891] [print_deep_description] PreInferEl12base-whisper-decoder-fixed-sequence/input_layer1 | inputs: EntryPushQEl0base-whisper-decoder-fixed-sequence/input_layer1[0] | outputs: PushQEl12base-whisper-decoder-fixed-sequence/input_layer1
[2026-03-19 16:03:41.639] [4352] [HailoRT] [info] [pipeline.cpp:891] [print_deep_description] PushQEl12base-whisper-decoder-fixed-sequence/input_layer1 | inputs: PreInferEl12base-whisper-decoder-fixed-sequence/input_layer1[0] | outputs: AsyncHwEl(running in thread_id: 4382)
[2026-03-19 16:03:41.639] [4352] [HailoRT] [info] [pipeline.cpp:891] [print_deep_description] AsyncHwEl | inputs: PushQEl12base-whisper-decoder-fixed-sequence/input_layer1[0] PushQEl6base-whisper-decoder-fixed-sequence/input_layer2[1] | outputs: PushQEl0AsyncHwEl PushQEl1AsyncHwEl PushQEl2AsyncHwEl PushQEl3AsyncHwEl
[2026-03-19 16:03:41.639] [4352] [HailoRT] [info] [pipeline.cpp:891] [print_deep_description] PushQEl0AsyncHwEl | inputs: AsyncHwEl[0] | outputs: PostInferEl0AsyncHwEl(running in thread_id: 4383)
[2026-03-19 16:03:41.639] [4352] [HailoRT] [info] [pipeline.cpp:891] [print_deep_description] PostInferEl0AsyncHwEl | inputs: PushQEl0AsyncHwEl[0] | outputs: LastAsyncEl0PostInferEl0AsyncHwEl
[2026-03-19 16:03:41.639] [4352] [HailoRT] [info] [pipeline.cpp:891] [print_deep_description] LastAsyncEl0PostInferEl0AsyncHwEl | inputs: PostInferEl0AsyncHwEl[0] | outputs: user
[2026-03-19 16:03:41.639] [4352] [HailoRT] [info] [pipeline.cpp:891] [print_deep_description] PushQEl1AsyncHwEl | inputs: AsyncHwEl[0] | outputs: PostInferEl1AsyncHwEl(running in thread_id: 4385)
[2026-03-19 16:03:41.639] [4352] [HailoRT] [info] [pipeline.cpp:891] [print_deep_description] PostInferEl1AsyncHwEl | inputs: PushQEl1AsyncHwEl[0] | outputs: LastAsyncEl0PostInferEl1AsyncHwEl
[2026-03-19 16:03:41.639] [4352] [HailoRT] [info] [pipeline.cpp:891] [print_deep_description] LastAsyncEl0PostInferEl1AsyncHwEl | inputs: PostInferEl1AsyncHwEl[0] | outputs: user
[2026-03-19 16:03:41.639] [4352] [HailoRT] [info] [pipeline.cpp:891] [print_deep_description] PushQEl2AsyncHwEl | inputs: AsyncHwEl[0] | outputs: PostInferEl2AsyncHwEl(running in thread_id: 4384)
[2026-03-19 16:03:41.639] [4352] [HailoRT] [info] [pipeline.cpp:891] [print_deep_description] PostInferEl2AsyncHwEl | inputs: PushQEl2AsyncHwEl[0] | outputs: LastAsyncEl0PostInferEl2AsyncHwEl
[2026-03-19 16:03:41.639] [4352] [HailoRT] [info] [pipeline.cpp:891] [print_deep_description] LastAsyncEl0PostInferEl2AsyncHwEl | inputs: PostInferEl2AsyncHwEl[0] | outputs: user
[2026-03-19 16:03:41.639] [4352] [HailoRT] [info] [pipeline.cpp:891] [print_deep_description] PushQEl3AsyncHwEl | inputs: AsyncHwEl[0] | outputs: PostInferEl3AsyncHwEl(running in thread_id: 4386)
[2026-03-19 16:03:41.639] [4352] [HailoRT] [info] [pipeline.cpp:891] [print_deep_description] PostInferEl3AsyncHwEl | inputs: PushQEl3AsyncHwEl[0] | outputs: LastAsyncEl0PostInferEl3AsyncHwEl
[2026-03-19 16:03:41.639] [4352] [HailoRT] [info] [pipeline.cpp:891] [print_deep_description] LastAsyncEl0PostInferEl3AsyncHwEl | inputs: PostInferEl3AsyncHwEl[0] | outputs: user
[2026-03-19 16:03:41.639] [4352] [HailoRT] [info] [pipeline.cpp:891] [print_deep_description] EntryPushQEl0base-whisper-decoder-fixed-sequence/input_layer2 | inputs: user | outputs: PreInferEl6base-whisper-decoder-fixed-sequence/input_layer2(running in thread_id: 4379)
[2026-03-19 16:03:41.639] [4352] [HailoRT] [info] [pipeline.cpp:891] [print_deep_description] PreInferEl6base-whisper-decoder-fixed-sequence/input_layer2 | inputs: EntryPushQEl0base-whisper-decoder-fixed-sequence/input_layer2[0] | outputs: PushQEl6base-whisper-decoder-fixed-sequence/input_layer2
[2026-03-19 16:03:41.639] [4352] [HailoRT] [info] [pipeline.cpp:891] [print_deep_description] PushQEl6base-whisper-decoder-fixed-sequence/input_layer2 | inputs: PreInferEl6base-whisper-decoder-fixed-sequence/input_layer2[0] | outputs: AsyncHwEl(running in thread_id: 4380)
[2026-03-19 18:07:19.817] [2560] [HailoRT] [info] [vdevice.cpp:523] [create] Creating vdevice with params: device_count: 1, scheduling_algorithm: ROUND_ROBIN, multi_process_service: false
[2026-03-19 18:07:19.837] [2560] [HailoRT] [info] [device.cpp:49] [Device] OS Version: Linux 6.12.62+rpt-rpi-2712 #1 SMP PREEMPT Debian 1:6.12.62-1+rpt1~bookworm (2026-01-19) aarch64
[2026-03-19 18:07:19.839] [2560] [HailoRT] [info] [control.cpp:108] [control__parse_identify_results] firmware_version is: 4.20.0
[2026-03-19 18:07:19.839] [2560] [HailoRT] [info] [vdevice.cpp:651] [create] VDevice Infos: 0001:03:00.0
[2026-03-19 18:07:20.092] [2560] [HailoRT] [info] [hef.cpp:1929] [get_network_group_and_network_name] No name was given. Addressing all networks of default network_group: base-whisper-encoder-5s
[2026-03-19 18:07:20.092] [2560] [HailoRT] [info] [hef.cpp:1929] [get_network_group_and_network_name] No name was given. Addressing all networks of default network_group: base-whisper-encoder-5s
[2026-03-19 18:07:20.286] [2560] [HailoRT] [info] [hef.cpp:1929] [get_network_group_and_network_name] No name was given. Addressing all networks of default network_group: base-whisper-decoder-fixed-sequence
[2026-03-19 18:07:20.286] [2560] [HailoRT] [info] [hef.cpp:1929] [get_network_group_and_network_name] No name was given. Addressing all networks of default network_group: base-whisper-decoder-fixed-sequence
[2026-03-19 18:07:20.295] [2560] [HailoRT] [info] [internal_buffer_manager.cpp:204] [print_execution_results] Planned internal buffer memory: CMA memory 0, user memory 1576448. memory to edge layer usage factor is 0.34360003
[2026-03-19 18:07:20.295] [2560] [HailoRT] [info] [internal_buffer_manager.cpp:212] [print_execution_results] Default Internal buffer planner executed successfully
[2026-03-19 18:07:20.367] [2560] [HailoRT] [info] [device_internal.cpp:57] [configure] Configuring HEF took 80.155064 milliseconds
[2026-03-19 18:07:20.367] [2560] [HailoRT] [info] [vdevice.cpp:749] [configure] Configuring HEF on VDevice took 80.87749 milliseconds
[2026-03-19 18:07:20.367] [2560] [HailoRT] [info] [infer_model.cpp:436] [configure] Configuring network group 'base-whisper-encoder-5s' with params: batch size: 0, power mode: PERFORMANCE, latency: NONE
[2026-03-19 18:07:20.367] [2560] [HailoRT] [info] [multi_io_elements.cpp:756] [create] Created (AsyncHwEl)
[2026-03-19 18:07:20.368] [2560] [HailoRT] [info] [queue_elements.cpp:450] [create] Created (EntryPushQEl0base-whisper-encoder-5s/input_layer1 | timeout: 10s)
[2026-03-19 18:07:20.368] [2560] [HailoRT] [info] [filter_elements.cpp:101] [create] Created (PreInferEl1base-whisper-encoder-5s/input_layer1 | Quantization - src_type: FLOAT32, dst_type UINT8, limvals_min: -1.51241, limvals_max: 1.52432)
[2026-03-19 18:07:20.368] [2560] [HailoRT] [info] [queue_elements.cpp:450] [create] Created (PushQEl1base-whisper-encoder-5s/input_layer1 | timeout: 10s)
[2026-03-19 18:07:20.368] [2560] [HailoRT] [info] [queue_elements.cpp:450] [create] Created (PushQEl0AsyncHwEl | timeout: 10s)
[2026-03-19 18:07:20.368] [2560] [HailoRT] [info] [filter_elements.cpp:375] [create] Created (PostInferEl0AsyncHwEl | Quantization - src_type: UINT8, dst_type FLOAT32, limvals_min: -23.9557, limvals_max: 14.4638)
[2026-03-19 18:07:20.368] [2560] [HailoRT] [info] [edge_elements.cpp:187] [create] Created (LastAsyncEl0PostInferEl0AsyncHwEl)
[2026-03-19 18:07:20.368] [2560] [HailoRT] [info] [pipeline.cpp:891] [print_deep_description] EntryPushQEl0base-whisper-encoder-5s/input_layer1 | inputs: user | outputs: PreInferEl1base-whisper-encoder-5s/input_layer1(running in thread_id: 2578)
[2026-03-19 18:07:20.368] [2560] [HailoRT] [info] [pipeline.cpp:891] [print_deep_description] PreInferEl1base-whisper-encoder-5s/input_layer1 | inputs: EntryPushQEl0base-whisper-encoder-5s/input_layer1[0] | outputs: PushQEl1base-whisper-encoder-5s/input_layer1
[2026-03-19 18:07:20.368] [2560] [HailoRT] [info] [pipeline.cpp:891] [print_deep_description] PushQEl1base-whisper-encoder-5s/input_layer1 | inputs: PreInferEl1base-whisper-encoder-5s/input_layer1[0] | outputs: AsyncHwEl(running in thread_id: 2579)
[2026-03-19 18:07:20.369] [2560] [HailoRT] [info] [pipeline.cpp:891] [print_deep_description] AsyncHwEl | inputs: PushQEl1base-whisper-encoder-5s/input_layer1[0] | outputs: PushQEl0AsyncHwEl
[2026-03-19 18:07:20.369] [2560] [HailoRT] [info] [pipeline.cpp:891] [print_deep_description] PushQEl0AsyncHwEl | inputs: AsyncHwEl[0] | outputs: PostInferEl0AsyncHwEl(running in thread_id: 2580)
[2026-03-19 18:07:20.369] [2560] [HailoRT] [info] [pipeline.cpp:891] [print_deep_description] PostInferEl0AsyncHwEl | inputs: PushQEl0AsyncHwEl[0] | outputs: LastAsyncEl0PostInferEl0AsyncHwEl
[2026-03-19 18:07:20.369] [2560] [HailoRT] [info] [pipeline.cpp:891] [print_deep_description] LastAsyncEl0PostInferEl0AsyncHwEl | inputs: PostInferEl0AsyncHwEl[0] | outputs: user
[2026-03-19 18:07:20.374] [2560] [HailoRT] [info] [buffer_requirements.cpp:195] [find_initial_desc_page_size] Using non-default initial_desc_page_size of 64, due to a small transfer size (48)
[2026-03-19 18:07:20.375] [2560] [HailoRT] [info] [internal_buffer_manager.cpp:204] [print_execution_results] Planned internal buffer memory: CMA memory 0, user memory 1974272. memory to edge layer usage factor is 0.46450835
[2026-03-19 18:07:20.375] [2560] [HailoRT] [info] [internal_buffer_manager.cpp:212] [print_execution_results] Default Internal buffer planner executed successfully
[2026-03-19 18:07:20.416] [2560] [HailoRT] [info] [buffer_requirements.cpp:195] [find_initial_desc_page_size] Using non-default initial_desc_page_size of 64, due to a small transfer size (48)
[2026-03-19 18:07:20.507] [2560] [HailoRT] [info] [device_internal.cpp:57] [configure] Configuring HEF took 134.65705 milliseconds
[2026-03-19 18:07:20.507] [2560] [HailoRT] [info] [vdevice.cpp:749] [configure] Configuring HEF on VDevice took 135.034436 milliseconds
[2026-03-19 18:07:20.507] [2560] [HailoRT] [info] [infer_model.cpp:436] [configure] Configuring network group 'base-whisper-decoder-fixed-sequence' with params: batch size: 0, power mode: PERFORMANCE, latency: NONE
[2026-03-19 18:07:20.507] [2560] [HailoRT] [info] [multi_io_elements.cpp:756] [create] Created (AsyncHwEl)
[2026-03-19 18:07:20.508] [2560] [HailoRT] [info] [queue_elements.cpp:450] [create] Created (EntryPushQEl0base-whisper-decoder-fixed-sequence/input_layer2 | timeout: 10s)
[2026-03-19 18:07:20.508] [2560] [HailoRT] [info] [filter_elements.cpp:101] [create] Created (PreInferEl6base-whisper-decoder-fixed-sequence/input_layer2 | Quantization - src_type: FLOAT32, dst_type UINT8, limvals_min: -0.535231, limvals_max: 0.556641)
[2026-03-19 18:07:20.508] [2560] [HailoRT] [info] [queue_elements.cpp:450] [create] Created (PushQEl6base-whisper-decoder-fixed-sequence/input_layer2 | timeout: 10s)
[2026-03-19 18:07:20.508] [2560] [HailoRT] [info] [queue_elements.cpp:450] [create] Created (EntryPushQEl0base-whisper-decoder-fixed-sequence/input_layer1 | timeout: 10s)
[2026-03-19 18:07:20.508] [2560] [HailoRT] [info] [filter_elements.cpp:101] [create] Created (PreInferEl12base-whisper-decoder-fixed-sequence/input_layer1 | Quantization - src_type: FLOAT32, dst_type UINT8, limvals_min: -23.5596, limvals_max: 14.4638)
[2026-03-19 18:07:20.508] [2560] [HailoRT] [info] [queue_elements.cpp:450] [create] Created (PushQEl12base-whisper-decoder-fixed-sequence/input_layer1 | timeout: 10s)
[2026-03-19 18:07:20.508] [2560] [HailoRT] [info] [queue_elements.cpp:450] [create] Created (PushQEl0AsyncHwEl | timeout: 10s)
[2026-03-19 18:07:20.508] [2560] [HailoRT] [info] [filter_elements.cpp:375] [create] Created (PostInferEl0AsyncHwEl | Quantization - src_type: UINT8, dst_type FLOAT32, limvals_min: -23.8414, limvals_max: 72.6594)
[2026-03-19 18:07:20.508] [2560] [HailoRT] [info] [edge_elements.cpp:187] [create] Created (LastAsyncEl0PostInferEl0AsyncHwEl)
[2026-03-19 18:07:20.508] [2560] [HailoRT] [info] [queue_elements.cpp:450] [create] Created (PushQEl2AsyncHwEl | timeout: 10s)
[2026-03-19 18:07:20.508] [2560] [HailoRT] [info] [filter_elements.cpp:375] [create] Created (PostInferEl2AsyncHwEl | Quantization - src_type: UINT8, dst_type FLOAT32, limvals_min: -23.4195, limvals_max: 61.8944)
[2026-03-19 18:07:20.508] [2560] [HailoRT] [info] [edge_elements.cpp:187] [create] Created (LastAsyncEl0PostInferEl2AsyncHwEl)
[2026-03-19 18:07:20.508] [2560] [HailoRT] [info] [queue_elements.cpp:450] [create] Created (PushQEl1AsyncHwEl | timeout: 10s)
[2026-03-19 18:07:20.508] [2560] [HailoRT] [info] [filter_elements.cpp:375] [create] Created (PostInferEl1AsyncHwEl | Quantization - src_type: UINT8, dst_type FLOAT32, limvals_min: -23.5004, limvals_max: 59.7302)
[2026-03-19 18:07:20.508] [2560] [HailoRT] [info] [edge_elements.cpp:187] [create] Created (LastAsyncEl0PostInferEl1AsyncHwEl)
[2026-03-19 18:07:20.508] [2560] [HailoRT] [info] [queue_elements.cpp:450] [create] Created (PushQEl3AsyncHwEl | timeout: 10s)
[2026-03-19 18:07:20.508] [2560] [HailoRT] [info] [filter_elements.cpp:375] [create] Created (PostInferEl3AsyncHwEl | Quantization - src_type: UINT8, dst_type FLOAT32, limvals_min: -24.3587, limvals_max: 63.1267)
[2026-03-19 18:07:20.508] [2560] [HailoRT] [info] [edge_elements.cpp:187] [create] Created (LastAsyncEl0PostInferEl3AsyncHwEl)
[2026-03-19 18:07:20.508] [2560] [HailoRT] [info] [pipeline.cpp:891] [print_deep_description] EntryPushQEl0base-whisper-decoder-fixed-sequence/input_layer1 | inputs: user | outputs: PreInferEl12base-whisper-decoder-fixed-sequence/input_layer1(running in thread_id: 2583)
[2026-03-19 18:07:20.508] [2560] [HailoRT] [info] [pipeline.cpp:891] [print_deep_description] PreInferEl12base-whisper-decoder-fixed-sequence/input_layer1 | inputs: EntryPushQEl0base-whisper-decoder-fixed-sequence/input_layer1[0] | outputs: PushQEl12base-whisper-decoder-fixed-sequence/input_layer1
[2026-03-19 18:07:20.508] [2560] [HailoRT] [info] [pipeline.cpp:891] [print_deep_description] PushQEl12base-whisper-decoder-fixed-sequence/input_layer1 | inputs: PreInferEl12base-whisper-decoder-fixed-sequence/input_layer1[0] | outputs: AsyncHwEl(running in thread_id: 2584)
[2026-03-19 18:07:20.508] [2560] [HailoRT] [info] [pipeline.cpp:891] [print_deep_description] AsyncHwEl | inputs: PushQEl12base-whisper-decoder-fixed-sequence/input_layer1[0] PushQEl6base-whisper-decoder-fixed-sequence/input_layer2[1] | outputs: PushQEl0AsyncHwEl PushQEl1AsyncHwEl PushQEl2AsyncHwEl PushQEl3AsyncHwEl
[2026-03-19 18:07:20.508] [2560] [HailoRT] [info] [pipeline.cpp:891] [print_deep_description] PushQEl0AsyncHwEl | inputs: AsyncHwEl[0] | outputs: PostInferEl0AsyncHwEl(running in thread_id: 2585)
[2026-03-19 18:07:20.508] [2560] [HailoRT] [info] [pipeline.cpp:891] [print_deep_description] PostInferEl0AsyncHwEl | inputs: PushQEl0AsyncHwEl[0] | outputs: LastAsyncEl0PostInferEl0AsyncHwEl
[2026-03-19 18:07:20.509] [2560] [HailoRT] [info] [pipeline.cpp:891] [print_deep_description] LastAsyncEl0PostInferEl0AsyncHwEl | inputs: PostInferEl0AsyncHwEl[0] | outputs: user
[2026-03-19 18:07:20.509] [2560] [HailoRT] [info] [pipeline.cpp:891] [print_deep_description] PushQEl1AsyncHwEl | inputs: AsyncHwEl[0] | outputs: PostInferEl1AsyncHwEl(running in thread_id: 2587)
[2026-03-19 18:07:20.509] [2560] [HailoRT] [info] [pipeline.cpp:891] [print_deep_description] PostInferEl1AsyncHwEl | inputs: PushQEl1AsyncHwEl[0] | outputs: LastAsyncEl0PostInferEl1AsyncHwEl
[2026-03-19 18:07:20.509] [2560] [HailoRT] [info] [pipeline.cpp:891] [print_deep_description] LastAsyncEl0PostInferEl1AsyncHwEl | inputs: PostInferEl1AsyncHwEl[0] | outputs: user
[2026-03-19 18:07:20.509] [2560] [HailoRT] [info] [pipeline.cpp:891] [print_deep_description] PushQEl2AsyncHwEl | inputs: AsyncHwEl[0] | outputs: PostInferEl2AsyncHwEl(running in thread_id: 2586)
[2026-03-19 18:07:20.509] [2560] [HailoRT] [info] [pipeline.cpp:891] [print_deep_description] PostInferEl2AsyncHwEl | inputs: PushQEl2AsyncHwEl[0] | outputs: LastAsyncEl0PostInferEl2AsyncHwEl
[2026-03-19 18:07:20.509] [2560] [HailoRT] [info] [pipeline.cpp:891] [print_deep_description] LastAsyncEl0PostInferEl2AsyncHwEl | inputs: PostInferEl2AsyncHwEl[0] | outputs: user
[2026-03-19 18:07:20.509] [2560] [HailoRT] [info] [pipeline.cpp:891] [print_deep_description] PushQEl3AsyncHwEl | inputs: AsyncHwEl[0] | outputs: PostInferEl3AsyncHwEl(running in thread_id: 2588)
[2026-03-19 18:07:20.509] [2560] [HailoRT] [info] [pipeline.cpp:891] [print_deep_description] PostInferEl3AsyncHwEl | inputs: PushQEl3AsyncHwEl[0] | outputs: LastAsyncEl0PostInferEl3AsyncHwEl
[2026-03-19 18:07:20.509] [2560] [HailoRT] [info] [pipeline.cpp:891] [print_deep_description] LastAsyncEl0PostInferEl3AsyncHwEl | inputs: PostInferEl3AsyncHwEl[0] | outputs: user
[2026-03-19 18:07:20.509] [2560] [HailoRT] [info] [pipeline.cpp:891] [print_deep_description] EntryPushQEl0base-whisper-decoder-fixed-sequence/input_layer2 | inputs: user | outputs: PreInferEl6base-whisper-decoder-fixed-sequence/input_layer2(running in thread_id: 2581)
[2026-03-19 18:07:20.509] [2560] [HailoRT] [info] [pipeline.cpp:891] [print_deep_description] PreInferEl6base-whisper-decoder-fixed-sequence/input_layer2 | inputs: EntryPushQEl0base-whisper-decoder-fixed-sequence/input_layer2[0] | outputs: PushQEl6base-whisper-decoder-fixed-sequence/input_layer2
[2026-03-19 18:07:20.509] [2560] [HailoRT] [info] [pipeline.cpp:891] [print_deep_description] PushQEl6base-whisper-decoder-fixed-sequence/input_layer2 | inputs: PreInferEl6base-whisper-decoder-fixed-sequence/input_layer2[0] | outputs: AsyncHwEl(running in thread_id: 2582)
[2026-03-19 18:09:08.184] [3009] [HailoRT] [info] [vdevice.cpp:523] [create] Creating vdevice with params: device_count: 1, scheduling_algorithm: NONE, multi_process_service: false
[2026-03-19 18:09:08.184] [3009] [HailoRT] [info] [device.cpp:49] [Device] OS Version: Linux 6.12.62+rpt-rpi-2712 #1 SMP PREEMPT Debian 1:6.12.62-1+rpt1~bookworm (2026-01-19) aarch64
[2026-03-19 18:09:08.188] [3009] [HailoRT] [info] [control.cpp:108] [control__parse_identify_results] firmware_version is: 4.20.0
[2026-03-19 18:09:08.205] [3009] [HailoRT] [error] [vdevice.cpp:820] [create_devices] CHECK failed - Failed to create vdevice. there are not enough free devices. requested: 1, found: 0
[2026-03-19 18:09:08.212] [3009] [HailoRT] [error] [vdevice.cpp:631] [create] CHECK_SUCCESS failed with status=HAILO_OUT_OF_PHYSICAL_DEVICES(74)
[2026-03-19 18:09:08.212] [3009] [HailoRT] [error] [shared_resource_manager.hpp:81] [register_resource] CHECK_SUCCESS failed with status=HAILO_OUT_OF_PHYSICAL_DEVICES(74)
[2026-03-19 18:09:08.212] [3009] [HailoRT] [error] [vdevice.cpp:132] [create] CHECK_SUCCESS failed with status=HAILO_OUT_OF_PHYSICAL_DEVICES(74)
[2026-03-19 18:09:08.212] [3009] [HailoRT] [error] [vdevice.cpp:554] [create] CHECK_SUCCESS failed with status=HAILO_OUT_OF_PHYSICAL_DEVICES(74)
